This file contains any messages produced by compilers while
running configure, to aid debugging if configure makes a mistake.

It was created by gpl-compression configure 0.1.0, which was
generated by GNU Autoconf 2.67.  Invocation command line was

  $ /home/charles/fpga/fpga-hadoop-lzo/fpgaCompile/src/main/native/configure 

## --------- ##
## Platform. ##
## --------- ##

hostname = tracing034
uname -m = x86_64
uname -r = 3.19.0-25-generic
uname -s = Linux
uname -v = #26~14.04.1-Ubuntu SMP Fri Jul 24 21:16:20 UTC 2015

/usr/bin/uname -p = unknown
/bin/uname -X     = unknown

/bin/arch              = unknown
/usr/bin/arch -k       = unknown
/usr/convex/getsysinfo = unknown
/usr/bin/hostinfo      = unknown
/bin/machine           = unknown
/usr/bin/oslevel       = unknown
/bin/universe          = unknown

PATH: /usr/local/bin
PATH: /home/chenwenwen/jdk1.7.0_79/bin
PATH: /usr/local/sbin
PATH: /usr/local/bin
PATH: /usr/sbin
PATH: /usr/bin
PATH: /sbin
PATH: /bin
PATH: /usr/games
PATH: /usr/local/games
PATH: /home/chenwenwen/jdk1.7.0_79/bin
PATH: /usr/local/apache-maven/bin


## ----------- ##
## Core tests. ##
## ----------- ##

configure:2461: checking for a BSD-compatible install
configure:2529: result: /usr/bin/install -c
configure:2540: checking whether build environment is sane
configure:2590: result: yes
configure:2731: checking for a thread-safe mkdir -p
configure:2770: result: /bin/mkdir -p
configure:2783: checking for gawk
configure:2799: found /usr/bin/gawk
configure:2810: result: gawk
configure:2821: checking whether make sets $(MAKE)
configure:2843: result: yes
configure:2924: checking whether to enable maintainer-specific portions of Makefiles
configure:2933: result: no
configure:2966: checking for style of include used by make
configure:2994: result: GNU
configure:3064: checking for gcc
configure:3080: found /usr/bin/gcc
configure:3091: result: gcc
configure:3320: checking for C compiler version
configure:3329: gcc --version >&5
gcc (Ubuntu 4.8.4-2ubuntu1~14.04) 4.8.4
Copyright (C) 2013 Free Software Foundation, Inc.
This is free software; see the source for copying conditions.  There is NO
warranty; not even for MERCHANTABILITY or FITNESS FOR A PARTICULAR PURPOSE.

configure:3340: $? = 0
configure:3329: gcc -v >&5
Using built-in specs.
COLLECT_GCC=gcc
COLLECT_LTO_WRAPPER=/usr/lib/gcc/x86_64-linux-gnu/4.8/lto-wrapper
Target: x86_64-linux-gnu
Configured with: ../src/configure -v --with-pkgversion='Ubuntu 4.8.4-2ubuntu1~14.04' --with-bugurl=file:///usr/share/doc/gcc-4.8/README.Bugs --enable-languages=c,c++,java,go,d,fortran,objc,obj-c++ --prefix=/usr --program-suffix=-4.8 --enable-shared --enable-linker-build-id --libexecdir=/usr/lib --without-included-gettext --enable-threads=posix --with-gxx-include-dir=/usr/include/c++/4.8 --libdir=/usr/lib --enable-nls --with-sysroot=/ --enable-clocale=gnu --enable-libstdcxx-debug --enable-libstdcxx-time=yes --enable-gnu-unique-object --disable-libmudflap --enable-plugin --with-system-zlib --disable-browser-plugin --enable-java-awt=gtk --enable-gtk-cairo --with-java-home=/usr/lib/jvm/java-1.5.0-gcj-4.8-amd64/jre --enable-java-home --with-jvm-root-dir=/usr/lib/jvm/java-1.5.0-gcj-4.8-amd64 --with-jvm-jar-dir=/usr/lib/jvm-exports/java-1.5.0-gcj-4.8-amd64 --with-arch-directory=amd64 --with-ecj-jar=/usr/share/java/eclipse-ecj.jar --enable-objc-gc --enable-multiarch --disable-werror --with-arch-32=i686 --with-abi=m64 --with-multilib-list=m32,m64,mx32 --with-tune=generic --enable-checking=release --build=x86_64-linux-gnu --host=x86_64-linux-gnu --target=x86_64-linux-gnu
Thread model: posix
gcc version 4.8.4 (Ubuntu 4.8.4-2ubuntu1~14.04) 
configure:3340: $? = 0
configure:3329: gcc -V >&5
gcc: error: unrecognized command line option '-V'
gcc: fatal error: no input files
compilation terminated.
configure:3340: $? = 4
configure:3329: gcc -qversion >&5
gcc: error: unrecognized command line option '-qversion'
gcc: fatal error: no input files
compilation terminated.
configure:3340: $? = 4
configure:3360: checking whether the C compiler works
configure:3382: gcc   -Wl,--no-as-needed conftest.c  >&5
configure:3386: $? = 0
configure:3434: result: yes
configure:3437: checking for C compiler default output file name
configure:3439: result: a.out
configure:3445: checking for suffix of executables
configure:3452: gcc -o conftest   -Wl,--no-as-needed conftest.c  >&5
configure:3456: $? = 0
configure:3478: result: 
configure:3500: checking whether we are cross compiling
configure:3508: gcc -o conftest   -Wl,--no-as-needed conftest.c  >&5
configure:3512: $? = 0
configure:3519: ./conftest
configure:3523: $? = 0
configure:3538: result: no
configure:3543: checking for suffix of object files
configure:3565: gcc -c   conftest.c >&5
configure:3569: $? = 0
configure:3590: result: o
configure:3594: checking whether we are using the GNU C compiler
configure:3613: gcc -c   conftest.c >&5
configure:3613: $? = 0
configure:3622: result: yes
configure:3631: checking whether gcc accepts -g
configure:3651: gcc -c -g  conftest.c >&5
configure:3651: $? = 0
configure:3692: result: yes
configure:3709: checking for gcc option to accept ISO C89
configure:3773: gcc  -c -g -O2  conftest.c >&5
configure:3773: $? = 0
configure:3786: result: none needed
configure:3808: checking dependency style of gcc
configure:3918: result: gcc3
configure:3939: checking how to run the C preprocessor
configure:3970: gcc -E  conftest.c
configure:3970: $? = 0
configure:3984: gcc -E  conftest.c
conftest.c:11:28: fatal error: ac_nonexistent.h: No such file or directory
 #include <ac_nonexistent.h>
                            ^
compilation terminated.
configure:3984: $? = 1
configure: failed program was:
| /* confdefs.h */
| #define PACKAGE_NAME "gpl-compression"
| #define PACKAGE_TARNAME "gpl-compression"
| #define PACKAGE_VERSION "0.1.0"
| #define PACKAGE_STRING "gpl-compression 0.1.0"
| #define PACKAGE_BUGREPORT "omalley@apache.org"
| #define PACKAGE_URL ""
| #define PACKAGE "gpl-compression"
| #define VERSION "0.1.0"
| /* end confdefs.h.  */
| #include <ac_nonexistent.h>
configure:4009: result: gcc -E
configure:4029: gcc -E  conftest.c
configure:4029: $? = 0
configure:4043: gcc -E  conftest.c
conftest.c:11:28: fatal error: ac_nonexistent.h: No such file or directory
 #include <ac_nonexistent.h>
                            ^
compilation terminated.
configure:4043: $? = 1
configure: failed program was:
| /* confdefs.h */
| #define PACKAGE_NAME "gpl-compression"
| #define PACKAGE_TARNAME "gpl-compression"
| #define PACKAGE_VERSION "0.1.0"
| #define PACKAGE_STRING "gpl-compression 0.1.0"
| #define PACKAGE_BUGREPORT "omalley@apache.org"
| #define PACKAGE_URL ""
| #define PACKAGE "gpl-compression"
| #define VERSION "0.1.0"
| /* end confdefs.h.  */
| #include <ac_nonexistent.h>
configure:4072: checking for grep that handles long lines and -e
configure:4130: result: /bin/grep
configure:4135: checking for egrep
configure:4197: result: /bin/grep -E
configure:4202: checking for ANSI C header files
configure:4222: gcc -c -g -O2  conftest.c >&5
configure:4222: $? = 0
configure:4295: gcc -o conftest -g -O2  -Wl,--no-as-needed conftest.c  >&5
configure:4295: $? = 0
configure:4295: ./conftest
configure:4295: $? = 0
configure:4306: result: yes
configure:4319: checking for sys/types.h
configure:4319: gcc -c -g -O2  conftest.c >&5
configure:4319: $? = 0
configure:4319: result: yes
configure:4319: checking for sys/stat.h
configure:4319: gcc -c -g -O2  conftest.c >&5
configure:4319: $? = 0
configure:4319: result: yes
configure:4319: checking for stdlib.h
configure:4319: gcc -c -g -O2  conftest.c >&5
configure:4319: $? = 0
configure:4319: result: yes
configure:4319: checking for string.h
configure:4319: gcc -c -g -O2  conftest.c >&5
configure:4319: $? = 0
configure:4319: result: yes
configure:4319: checking for memory.h
configure:4319: gcc -c -g -O2  conftest.c >&5
configure:4319: $? = 0
configure:4319: result: yes
configure:4319: checking for strings.h
configure:4319: gcc -c -g -O2  conftest.c >&5
configure:4319: $? = 0
configure:4319: result: yes
configure:4319: checking for inttypes.h
configure:4319: gcc -c -g -O2  conftest.c >&5
configure:4319: $? = 0
configure:4319: result: yes
configure:4319: checking for stdint.h
configure:4319: gcc -c -g -O2  conftest.c >&5
configure:4319: $? = 0
configure:4319: result: yes
configure:4319: checking for unistd.h
configure:4319: gcc -c -g -O2  conftest.c >&5
configure:4319: $? = 0
configure:4319: result: yes
configure:4332: checking minix/config.h usability
configure:4332: gcc -c -g -O2  conftest.c >&5
conftest.c:54:26: fatal error: minix/config.h: No such file or directory
 #include <minix/config.h>
                          ^
compilation terminated.
configure:4332: $? = 1
configure: failed program was:
| /* confdefs.h */
| #define PACKAGE_NAME "gpl-compression"
| #define PACKAGE_TARNAME "gpl-compression"
| #define PACKAGE_VERSION "0.1.0"
| #define PACKAGE_STRING "gpl-compression 0.1.0"
| #define PACKAGE_BUGREPORT "omalley@apache.org"
| #define PACKAGE_URL ""
| #define PACKAGE "gpl-compression"
| #define VERSION "0.1.0"
| #define STDC_HEADERS 1
| #define HAVE_SYS_TYPES_H 1
| #define HAVE_SYS_STAT_H 1
| #define HAVE_STDLIB_H 1
| #define HAVE_STRING_H 1
| #define HAVE_MEMORY_H 1
| #define HAVE_STRINGS_H 1
| #define HAVE_INTTYPES_H 1
| #define HAVE_STDINT_H 1
| #define HAVE_UNISTD_H 1
| /* end confdefs.h.  */
| #include <stdio.h>
| #ifdef HAVE_SYS_TYPES_H
| # include <sys/types.h>
| #endif
| #ifdef HAVE_SYS_STAT_H
| # include <sys/stat.h>
| #endif
| #ifdef STDC_HEADERS
| # include <stdlib.h>
| # include <stddef.h>
| #else
| # ifdef HAVE_STDLIB_H
| #  include <stdlib.h>
| # endif
| #endif
| #ifdef HAVE_STRING_H
| # if !defined STDC_HEADERS && defined HAVE_MEMORY_H
| #  include <memory.h>
| # endif
| # include <string.h>
| #endif
| #ifdef HAVE_STRINGS_H
| # include <strings.h>
| #endif
| #ifdef HAVE_INTTYPES_H
| # include <inttypes.h>
| #endif
| #ifdef HAVE_STDINT_H
| # include <stdint.h>
| #endif
| #ifdef HAVE_UNISTD_H
| # include <unistd.h>
| #endif
| #include <minix/config.h>
configure:4332: result: no
configure:4332: checking minix/config.h presence
configure:4332: gcc -E  conftest.c
conftest.c:21:26: fatal error: minix/config.h: No such file or directory
 #include <minix/config.h>
                          ^
compilation terminated.
configure:4332: $? = 1
configure: failed program was:
| /* confdefs.h */
| #define PACKAGE_NAME "gpl-compression"
| #define PACKAGE_TARNAME "gpl-compression"
| #define PACKAGE_VERSION "0.1.0"
| #define PACKAGE_STRING "gpl-compression 0.1.0"
| #define PACKAGE_BUGREPORT "omalley@apache.org"
| #define PACKAGE_URL ""
| #define PACKAGE "gpl-compression"
| #define VERSION "0.1.0"
| #define STDC_HEADERS 1
| #define HAVE_SYS_TYPES_H 1
| #define HAVE_SYS_STAT_H 1
| #define HAVE_STDLIB_H 1
| #define HAVE_STRING_H 1
| #define HAVE_MEMORY_H 1
| #define HAVE_STRINGS_H 1
| #define HAVE_INTTYPES_H 1
| #define HAVE_STDINT_H 1
| #define HAVE_UNISTD_H 1
| /* end confdefs.h.  */
| #include <minix/config.h>
configure:4332: result: no
configure:4332: checking for minix/config.h
configure:4332: result: no
configure:4353: checking whether it is safe to define __EXTENSIONS__
configure:4371: gcc -c -g -O2  conftest.c >&5
configure:4371: $? = 0
configure:4378: result: yes
configure:4452: checking for gcc
configure:4479: result: gcc
configure:4708: checking for C compiler version
configure:4717: gcc --version >&5
gcc (Ubuntu 4.8.4-2ubuntu1~14.04) 4.8.4
Copyright (C) 2013 Free Software Foundation, Inc.
This is free software; see the source for copying conditions.  There is NO
warranty; not even for MERCHANTABILITY or FITNESS FOR A PARTICULAR PURPOSE.

configure:4728: $? = 0
configure:4717: gcc -v >&5
Using built-in specs.
COLLECT_GCC=gcc
COLLECT_LTO_WRAPPER=/usr/lib/gcc/x86_64-linux-gnu/4.8/lto-wrapper
Target: x86_64-linux-gnu
Configured with: ../src/configure -v --with-pkgversion='Ubuntu 4.8.4-2ubuntu1~14.04' --with-bugurl=file:///usr/share/doc/gcc-4.8/README.Bugs --enable-languages=c,c++,java,go,d,fortran,objc,obj-c++ --prefix=/usr --program-suffix=-4.8 --enable-shared --enable-linker-build-id --libexecdir=/usr/lib --without-included-gettext --enable-threads=posix --with-gxx-include-dir=/usr/include/c++/4.8 --libdir=/usr/lib --enable-nls --with-sysroot=/ --enable-clocale=gnu --enable-libstdcxx-debug --enable-libstdcxx-time=yes --enable-gnu-unique-object --disable-libmudflap --enable-plugin --with-system-zlib --disable-browser-plugin --enable-java-awt=gtk --enable-gtk-cairo --with-java-home=/usr/lib/jvm/java-1.5.0-gcj-4.8-amd64/jre --enable-java-home --with-jvm-root-dir=/usr/lib/jvm/java-1.5.0-gcj-4.8-amd64 --with-jvm-jar-dir=/usr/lib/jvm-exports/java-1.5.0-gcj-4.8-amd64 --with-arch-directory=amd64 --with-ecj-jar=/usr/share/java/eclipse-ecj.jar --enable-objc-gc --enable-multiarch --disable-werror --with-arch-32=i686 --with-abi=m64 --with-multilib-list=m32,m64,mx32 --with-tune=generic --enable-checking=release --build=x86_64-linux-gnu --host=x86_64-linux-gnu --target=x86_64-linux-gnu
Thread model: posix
gcc version 4.8.4 (Ubuntu 4.8.4-2ubuntu1~14.04) 
configure:4728: $? = 0
configure:4717: gcc -V >&5
gcc: error: unrecognized command line option '-V'
gcc: fatal error: no input files
compilation terminated.
configure:4728: $? = 4
configure:4717: gcc -qversion >&5
gcc: error: unrecognized command line option '-qversion'
gcc: fatal error: no input files
compilation terminated.
configure:4728: $? = 4
configure:4732: checking whether we are using the GNU C compiler
configure:4760: result: yes
configure:4769: checking whether gcc accepts -g
configure:4830: result: yes
configure:4847: checking for gcc option to accept ISO C89
configure:4924: result: none needed
configure:4946: checking dependency style of gcc
configure:5056: result: gcc3
configure:5100: checking build system type
configure:5114: result: x86_64-unknown-linux-gnu
configure:5134: checking host system type
configure:5147: result: x86_64-unknown-linux-gnu
configure:5167: checking for a sed that does not truncate output
configure:5231: result: /bin/sed
configure:5249: checking for fgrep
configure:5311: result: /bin/grep -F
configure:5346: checking for ld used by gcc
configure:5413: result: /usr/bin/ld
configure:5420: checking if the linker (/usr/bin/ld) is GNU ld
configure:5435: result: yes
configure:5447: checking for BSD- or MS-compatible name lister (nm)
configure:5496: result: /usr/bin/nm -B
configure:5614: checking the name lister (/usr/bin/nm -B) interface
configure:5621: gcc -c -g -O2  conftest.c >&5
configure:5624: /usr/bin/nm -B "conftest.o"
configure:5627: output
0000000000000000 B some_variable
configure:5634: result: BSD nm
configure:5637: checking whether ln -s works
configure:5641: result: yes
configure:5649: checking the maximum length of command line arguments
configure:5769: result: 1572864
configure:5786: checking whether the shell understands some XSI constructs
configure:5796: result: yes
configure:5800: checking whether the shell understands "+="
configure:5806: result: yes
configure:5841: checking for /usr/bin/ld option to reload object files
configure:5848: result: -r
configure:5917: checking for objdump
configure:5933: found /usr/bin/objdump
configure:5944: result: objdump
configure:5976: checking how to recognize dependent libraries
configure:6172: result: pass_all
configure:6232: checking for ar
configure:6248: found /usr/bin/ar
configure:6259: result: ar
configure:6337: checking for strip
configure:6353: found /usr/bin/strip
configure:6364: result: strip
configure:6436: checking for ranlib
configure:6452: found /usr/bin/ranlib
configure:6463: result: ranlib
configure:6553: checking command to parse /usr/bin/nm -B output from gcc object
configure:6671: gcc -c -g -O2  conftest.c >&5
configure:6674: $? = 0
configure:6678: /usr/bin/nm -B conftest.o \| sed -n -e 's/^.*[	 ]\([ABCDGIRSTW][ABCDGIRSTW]*\)[	 ][	 ]*\([_A-Za-z][_A-Za-z0-9]*\)$/\1 \2 \2/p' \> conftest.nm
configure:6681: $? = 0
configure:6735: gcc -o conftest -g -O2  -Wl,--no-as-needed conftest.c conftstm.o >&5
configure:6738: $? = 0
configure:6776: result: ok
configure:6871: gcc -c -g -O2  conftest.c >&5
configure:6874: $? = 0
configure:7581: checking for dlfcn.h
configure:7581: gcc -c -g -O2  conftest.c >&5
configure:7581: $? = 0
configure:7581: result: yes
configure:7765: checking for objdir
configure:7780: result: .libs
configure:8076: checking if gcc supports -fno-rtti -fno-exceptions
configure:8094: gcc -c -g -O2  -fno-rtti -fno-exceptions conftest.c >&5
cc1: warning: command line option '-fno-rtti' is valid for C++/ObjC++ but not for C [enabled by default]
configure:8098: $? = 0
configure:8111: result: no
configure:8131: checking for gcc option to produce PIC
configure:8403: result: -fPIC -DPIC
configure:8415: checking if gcc PIC flag -fPIC -DPIC works
configure:8433: gcc -c -g -O2  -fPIC -DPIC -DPIC conftest.c >&5
configure:8437: $? = 0
configure:8450: result: yes
configure:8474: checking if gcc static flag -static works
configure:8502: result: yes
configure:8517: checking if gcc supports -c -o file.o
configure:8538: gcc -c -g -O2  -o out/conftest2.o conftest.c >&5
configure:8542: $? = 0
configure:8564: result: yes
configure:8572: checking if gcc supports -c -o file.o
configure:8619: result: yes
configure:8652: checking whether the gcc linker (/usr/bin/ld -m elf_x86_64) supports shared libraries
configure:9639: result: yes
configure:9676: checking whether -lc should be explicitly linked in
configure:9681: gcc -c -g -O2  conftest.c >&5
configure:9684: $? = 0
configure:9699: gcc -shared conftest.o  -v -Wl,-soname -Wl,conftest -o conftest 2\>\&1 \| /bin/grep  -lc  \>/dev/null 2\>\&1
configure:9702: $? = 0
configure:9714: result: no
configure:9878: checking dynamic linker characteristics
configure:10311: gcc -o conftest -g -O2  -Wl,--no-as-needed -Wl,-rpath -Wl,/foo conftest.c  >&5
configure:10311: $? = 0
configure:10541: result: GNU/Linux ld.so
configure:10643: checking how to hardcode library paths into programs
configure:10668: result: immediate
configure:11188: checking whether stripping libraries is possible
configure:11193: result: yes
configure:11228: checking if libtool supports shared libraries
configure:11230: result: yes
configure:11233: checking whether to build shared libraries
configure:11254: result: yes
configure:11257: checking whether to build static libraries
configure:11261: result: yes
configure:11298: checking for dlopen in -ldl
configure:11323: gcc -o conftest -g -O2  -Wl,--no-as-needed conftest.c -ldl   >&5
configure:11323: $? = 0
configure:11332: result: yes
configure:11354: checking for unistd.h
configure:11354: result: yes
configure:11354: checking stdio.h usability
configure:11354: gcc -c -g -O2  conftest.c >&5
configure:11354: $? = 0
configure:11354: result: yes
configure:11354: checking stdio.h presence
configure:11354: gcc -E  conftest.c
configure:11354: $? = 0
configure:11354: result: yes
configure:11354: checking for stdio.h
configure:11354: result: yes
configure:11354: checking stddef.h usability
configure:11354: gcc -c -g -O2  conftest.c >&5
configure:11354: $? = 0
configure:11354: result: yes
configure:11354: checking stddef.h presence
configure:11354: gcc -E  conftest.c
configure:11354: $? = 0
configure:11354: result: yes
configure:11354: checking for stddef.h
configure:11354: result: yes
configure:11366: checking lzo/lzo2a.h usability
configure:11366: gcc -c -g -O2  conftest.c >&5
configure:11366: $? = 0
configure:11366: result: yes
configure:11366: checking lzo/lzo2a.h presence
configure:11366: gcc -E  conftest.c
configure:11366: $? = 0
configure:11366: result: yes
configure:11366: checking for lzo/lzo2a.h
configure:11366: result: yes
configure:11372: checking Checking for the 'actual' dynamic-library for '-llzo2'
configure:11396: result: "liblzo2.so.2"
configure:11421: checking for special C compiler options needed for large files
configure:11466: result: no
configure:11472: checking for _FILE_OFFSET_BITS value needed for large files
configure:11497: gcc -c -g -O2  conftest.c >&5
configure:11497: $? = 0
configure:11529: result: no
configure:11612: checking for stdbool.h that conforms to C99
configure:11697: gcc -c -g -O2  conftest.c >&5
configure:11697: $? = 0
configure:11704: result: yes
configure:11706: checking for _Bool
configure:11706: gcc -c -g -O2  conftest.c >&5
configure:11706: $? = 0
configure:11706: gcc -c -g -O2  conftest.c >&5
conftest.c: In function 'main':
conftest.c:70:20: error: expected expression before ')' token
 if (sizeof ((_Bool)))
                    ^
configure:11706: $? = 1
configure: failed program was:
| /* confdefs.h */
| #define PACKAGE_NAME "gpl-compression"
| #define PACKAGE_TARNAME "gpl-compression"
| #define PACKAGE_VERSION "0.1.0"
| #define PACKAGE_STRING "gpl-compression 0.1.0"
| #define PACKAGE_BUGREPORT "omalley@apache.org"
| #define PACKAGE_URL ""
| #define PACKAGE "gpl-compression"
| #define VERSION "0.1.0"
| #define STDC_HEADERS 1
| #define HAVE_SYS_TYPES_H 1
| #define HAVE_SYS_STAT_H 1
| #define HAVE_STDLIB_H 1
| #define HAVE_STRING_H 1
| #define HAVE_MEMORY_H 1
| #define HAVE_STRINGS_H 1
| #define HAVE_INTTYPES_H 1
| #define HAVE_STDINT_H 1
| #define HAVE_UNISTD_H 1
| #define __EXTENSIONS__ 1
| #define _ALL_SOURCE 1
| #define _GNU_SOURCE 1
| #define _POSIX_PTHREAD_SEMANTICS 1
| #define _TANDEM_SOURCE 1
| #define HAVE_DLFCN_H 1
| #define LT_OBJDIR ".libs/"
| #define HAVE_LIBDL 1
| #define HAVE_UNISTD_H 1
| #define HAVE_STDIO_H 1
| #define HAVE_STDDEF_H 1
| #define HAVE_LZO_LZO2A_H 1
| #define HADOOP_LZO_LIBRARY "liblzo2.so.2"
| /* end confdefs.h.  */
| #include <stdio.h>
| #ifdef HAVE_SYS_TYPES_H
| # include <sys/types.h>
| #endif
| #ifdef HAVE_SYS_STAT_H
| # include <sys/stat.h>
| #endif
| #ifdef STDC_HEADERS
| # include <stdlib.h>
| # include <stddef.h>
| #else
| # ifdef HAVE_STDLIB_H
| #  include <stdlib.h>
| # endif
| #endif
| #ifdef HAVE_STRING_H
| # if !defined STDC_HEADERS && defined HAVE_MEMORY_H
| #  include <memory.h>
| # endif
| # include <string.h>
| #endif
| #ifdef HAVE_STRINGS_H
| # include <strings.h>
| #endif
| #ifdef HAVE_INTTYPES_H
| # include <inttypes.h>
| #endif
| #ifdef HAVE_STDINT_H
| # include <stdint.h>
| #endif
| #ifdef HAVE_UNISTD_H
| # include <unistd.h>
| #endif
| int
| main ()
| {
| if (sizeof ((_Bool)))
| 	    return 0;
|   ;
|   return 0;
| }
configure:11706: result: yes
configure:11722: checking for an ANSI C-conforming const
configure:11787: gcc -c -g -O2  conftest.c >&5
configure:11787: $? = 0
configure:11794: result: yes
configure:11802: checking for off_t
configure:11802: gcc -c -g -O2  conftest.c >&5
configure:11802: $? = 0
configure:11802: gcc -c -g -O2  conftest.c >&5
conftest.c: In function 'main':
conftest.c:72:20: error: expected expression before ')' token
 if (sizeof ((off_t)))
                    ^
configure:11802: $? = 1
configure: failed program was:
| /* confdefs.h */
| #define PACKAGE_NAME "gpl-compression"
| #define PACKAGE_TARNAME "gpl-compression"
| #define PACKAGE_VERSION "0.1.0"
| #define PACKAGE_STRING "gpl-compression 0.1.0"
| #define PACKAGE_BUGREPORT "omalley@apache.org"
| #define PACKAGE_URL ""
| #define PACKAGE "gpl-compression"
| #define VERSION "0.1.0"
| #define STDC_HEADERS 1
| #define HAVE_SYS_TYPES_H 1
| #define HAVE_SYS_STAT_H 1
| #define HAVE_STDLIB_H 1
| #define HAVE_STRING_H 1
| #define HAVE_MEMORY_H 1
| #define HAVE_STRINGS_H 1
| #define HAVE_INTTYPES_H 1
| #define HAVE_STDINT_H 1
| #define HAVE_UNISTD_H 1
| #define __EXTENSIONS__ 1
| #define _ALL_SOURCE 1
| #define _GNU_SOURCE 1
| #define _POSIX_PTHREAD_SEMANTICS 1
| #define _TANDEM_SOURCE 1
| #define HAVE_DLFCN_H 1
| #define LT_OBJDIR ".libs/"
| #define HAVE_LIBDL 1
| #define HAVE_UNISTD_H 1
| #define HAVE_STDIO_H 1
| #define HAVE_STDDEF_H 1
| #define HAVE_LZO_LZO2A_H 1
| #define HADOOP_LZO_LIBRARY "liblzo2.so.2"
| #define HAVE__BOOL 1
| #define HAVE_STDBOOL_H 1
| /* end confdefs.h.  */
| #include <stdio.h>
| #ifdef HAVE_SYS_TYPES_H
| # include <sys/types.h>
| #endif
| #ifdef HAVE_SYS_STAT_H
| # include <sys/stat.h>
| #endif
| #ifdef STDC_HEADERS
| # include <stdlib.h>
| # include <stddef.h>
| #else
| # ifdef HAVE_STDLIB_H
| #  include <stdlib.h>
| # endif
| #endif
| #ifdef HAVE_STRING_H
| # if !defined STDC_HEADERS && defined HAVE_MEMORY_H
| #  include <memory.h>
| # endif
| # include <string.h>
| #endif
| #ifdef HAVE_STRINGS_H
| # include <strings.h>
| #endif
| #ifdef HAVE_INTTYPES_H
| # include <inttypes.h>
| #endif
| #ifdef HAVE_STDINT_H
| # include <stdint.h>
| #endif
| #ifdef HAVE_UNISTD_H
| # include <unistd.h>
| #endif
| int
| main ()
| {
| if (sizeof ((off_t)))
| 	    return 0;
|   ;
|   return 0;
| }
configure:11802: result: yes
configure:11813: checking for size_t
configure:11813: gcc -c -g -O2  conftest.c >&5
configure:11813: $? = 0
configure:11813: gcc -c -g -O2  conftest.c >&5
conftest.c: In function 'main':
conftest.c:72:21: error: expected expression before ')' token
 if (sizeof ((size_t)))
                     ^
configure:11813: $? = 1
configure: failed program was:
| /* confdefs.h */
| #define PACKAGE_NAME "gpl-compression"
| #define PACKAGE_TARNAME "gpl-compression"
| #define PACKAGE_VERSION "0.1.0"
| #define PACKAGE_STRING "gpl-compression 0.1.0"
| #define PACKAGE_BUGREPORT "omalley@apache.org"
| #define PACKAGE_URL ""
| #define PACKAGE "gpl-compression"
| #define VERSION "0.1.0"
| #define STDC_HEADERS 1
| #define HAVE_SYS_TYPES_H 1
| #define HAVE_SYS_STAT_H 1
| #define HAVE_STDLIB_H 1
| #define HAVE_STRING_H 1
| #define HAVE_MEMORY_H 1
| #define HAVE_STRINGS_H 1
| #define HAVE_INTTYPES_H 1
| #define HAVE_STDINT_H 1
| #define HAVE_UNISTD_H 1
| #define __EXTENSIONS__ 1
| #define _ALL_SOURCE 1
| #define _GNU_SOURCE 1
| #define _POSIX_PTHREAD_SEMANTICS 1
| #define _TANDEM_SOURCE 1
| #define HAVE_DLFCN_H 1
| #define LT_OBJDIR ".libs/"
| #define HAVE_LIBDL 1
| #define HAVE_UNISTD_H 1
| #define HAVE_STDIO_H 1
| #define HAVE_STDDEF_H 1
| #define HAVE_LZO_LZO2A_H 1
| #define HADOOP_LZO_LIBRARY "liblzo2.so.2"
| #define HAVE__BOOL 1
| #define HAVE_STDBOOL_H 1
| /* end confdefs.h.  */
| #include <stdio.h>
| #ifdef HAVE_SYS_TYPES_H
| # include <sys/types.h>
| #endif
| #ifdef HAVE_SYS_STAT_H
| # include <sys/stat.h>
| #endif
| #ifdef STDC_HEADERS
| # include <stdlib.h>
| # include <stddef.h>
| #else
| # ifdef HAVE_STDLIB_H
| #  include <stdlib.h>
| # endif
| #endif
| #ifdef HAVE_STRING_H
| # if !defined STDC_HEADERS && defined HAVE_MEMORY_H
| #  include <memory.h>
| # endif
| # include <string.h>
| #endif
| #ifdef HAVE_STRINGS_H
| # include <strings.h>
| #endif
| #ifdef HAVE_INTTYPES_H
| # include <inttypes.h>
| #endif
| #ifdef HAVE_STDINT_H
| # include <stdint.h>
| #endif
| #ifdef HAVE_UNISTD_H
| # include <unistd.h>
| #endif
| int
| main ()
| {
| if (sizeof ((size_t)))
| 	    return 0;
|   ;
|   return 0;
| }
configure:11813: result: yes
configure:11824: checking whether strerror_r is declared
configure:11824: gcc -c -g -O2  conftest.c >&5
configure:11824: $? = 0
configure:11824: result: yes
configure:11837: checking for strerror_r
configure:11837: gcc -o conftest -g -O2  -Wl,--no-as-needed conftest.c -ldl  >&5
configure:11837: $? = 0
configure:11837: result: yes
configure:11846: checking whether strerror_r returns char *
configure:11870: gcc -c -g -O2  conftest.c >&5
configure:11870: $? = 0
configure:11908: result: yes
configure:11921: checking for mkdir
configure:11921: gcc -o conftest -g -O2  -Wl,--no-as-needed conftest.c -ldl  >&5
configure:11921: $? = 0
configure:11921: result: yes
configure:11921: checking for uname
configure:11921: gcc -o conftest -g -O2  -Wl,--no-as-needed conftest.c -ldl  >&5
configure:11921: $? = 0
configure:11921: result: yes
configure:11921: checking for memset
configure:11921: gcc -o conftest -g -O2  -Wl,--no-as-needed conftest.c -ldl  >&5
conftest.c:64:6: warning: conflicting types for built-in function 'memset' [enabled by default]
 char memset ();
      ^
configure:11921: $? = 0
configure:11921: result: yes
configure:11938: checking for JNI_GetCreatedJavaVMs in -ljvm
configure:11963: gcc -o conftest -g -O2  -Wl,--no-as-needed -L/home/chenwenwen/jdk1.7.0_79/jre/lib/amd64/server conftest.c -ljvm  -ldl  >&5
configure:11963: $? = 0
configure:11972: result: yes
configure:11998: checking jni.h usability
configure:11998: gcc -c -g -O2   -I/home/chenwenwen/jdk1.7.0_79/include -I/home/chenwenwen/jdk1.7.0_79/include/linux conftest.c >&5
configure:11998: $? = 0
configure:11998: result: yes
configure:11998: checking jni.h presence
configure:11998: gcc -E   -I/home/chenwenwen/jdk1.7.0_79/include -I/home/chenwenwen/jdk1.7.0_79/include/linux conftest.c
configure:11998: $? = 0
configure:11998: result: yes
configure:11998: checking for jni.h
configure:11998: result: yes
configure:12140: creating ./config.status

## ---------------------- ##
## Running config.status. ##
## ---------------------- ##

This file was extended by gpl-compression config.status 0.1.0, which was
generated by GNU Autoconf 2.67.  Invocation command line was

  CONFIG_FILES    = 
  CONFIG_HEADERS  = 
  CONFIG_LINKS    = 
  CONFIG_COMMANDS = 
  $ ./config.status 

on tracing034

config.status:1094: creating Makefile
config.status:1094: creating impl/config.h
config.status:1307: executing depfiles commands
config.status:1307: executing libtool commands

## ---------------- ##
## Cache variables. ##
## ---------------- ##

ac_cv_build=x86_64-unknown-linux-gnu
ac_cv_c_compiler_gnu=yes
ac_cv_c_const=yes
ac_cv_env_CC_set=
ac_cv_env_CC_value=
ac_cv_env_CFLAGS_set=
ac_cv_env_CFLAGS_value=
ac_cv_env_CPPFLAGS_set=
ac_cv_env_CPPFLAGS_value=
ac_cv_env_CPP_set=
ac_cv_env_CPP_value=
ac_cv_env_LDFLAGS_set=set
ac_cv_env_LDFLAGS_value=-Wl,--no-as-needed
ac_cv_env_LIBS_set=
ac_cv_env_LIBS_value=
ac_cv_env_build_alias_set=
ac_cv_env_build_alias_value=
ac_cv_env_host_alias_set=
ac_cv_env_host_alias_value=
ac_cv_env_target_alias_set=
ac_cv_env_target_alias_value=
ac_cv_func_memset=yes
ac_cv_func_mkdir=yes
ac_cv_func_strerror_r=yes
ac_cv_func_strerror_r_char_p=yes
ac_cv_func_uname=yes
ac_cv_have_decl_strerror_r=yes
ac_cv_header_dlfcn_h=yes
ac_cv_header_inttypes_h=yes
ac_cv_header_jni_h=yes
ac_cv_header_lzo_lzo2a_h=yes
ac_cv_header_memory_h=yes
ac_cv_header_minix_config_h=no
ac_cv_header_stdbool_h=yes
ac_cv_header_stdc=yes
ac_cv_header_stddef_h=yes
ac_cv_header_stdint_h=yes
ac_cv_header_stdio_h=yes
ac_cv_header_stdlib_h=yes
ac_cv_header_string_h=yes
ac_cv_header_strings_h=yes
ac_cv_header_sys_stat_h=yes
ac_cv_header_sys_types_h=yes
ac_cv_header_unistd_h=yes
ac_cv_host=x86_64-unknown-linux-gnu
ac_cv_lib_dl_dlopen=yes
ac_cv_lib_jvm_JNI_GetCreatedJavaVMs=yes
ac_cv_libname_lzo2='"liblzo2.so.2"'
ac_cv_objext=o
ac_cv_path_EGREP='/bin/grep -E'
ac_cv_path_FGREP='/bin/grep -F'
ac_cv_path_GREP=/bin/grep
ac_cv_path_SED=/bin/sed
ac_cv_path_install='/usr/bin/install -c'
ac_cv_path_mkdir=/bin/mkdir
ac_cv_prog_AWK=gawk
ac_cv_prog_CPP='gcc -E'
ac_cv_prog_ac_ct_AR=ar
ac_cv_prog_ac_ct_CC=gcc
ac_cv_prog_ac_ct_OBJDUMP=objdump
ac_cv_prog_ac_ct_RANLIB=ranlib
ac_cv_prog_ac_ct_STRIP=strip
ac_cv_prog_cc_c89=
ac_cv_prog_cc_g=yes
ac_cv_prog_make_make_set=yes
ac_cv_safe_to_define___extensions__=yes
ac_cv_sys_file_offset_bits=no
ac_cv_sys_largefile_CC=no
ac_cv_type__Bool=yes
ac_cv_type_off_t=yes
ac_cv_type_size_t=yes
am_cv_CC_dependencies_compiler_type=gcc3
lt_cv_deplibs_check_method=pass_all
lt_cv_file_magic_cmd='$MAGIC_CMD'
lt_cv_file_magic_test_file=
lt_cv_ld_reload_flag=-r
lt_cv_nm_interface='BSD nm'
lt_cv_objdir=.libs
lt_cv_path_LD=/usr/bin/ld
lt_cv_path_NM='/usr/bin/nm -B'
lt_cv_prog_compiler_c_o=yes
lt_cv_prog_compiler_pic_works=yes
lt_cv_prog_compiler_rtti_exceptions=no
lt_cv_prog_compiler_static_works=yes
lt_cv_prog_gnu_ld=yes
lt_cv_sys_global_symbol_pipe='sed -n -e '\''s/^.*[	 ]\([ABCDGIRSTW][ABCDGIRSTW]*\)[	 ][	 ]*\([_A-Za-z][_A-Za-z0-9]*\)$/\1 \2 \2/p'\'''
lt_cv_sys_global_symbol_to_c_name_address='sed -n -e '\''s/^: \([^ ]*\) $/  {\"\1\", (void *) 0},/p'\'' -e '\''s/^[ABCDGIRSTW]* \([^ ]*\) \([^ ]*\)$/  {"\2", (void *) \&\2},/p'\'''
lt_cv_sys_global_symbol_to_c_name_address_lib_prefix='sed -n -e '\''s/^: \([^ ]*\) $/  {\"\1\", (void *) 0},/p'\'' -e '\''s/^[ABCDGIRSTW]* \([^ ]*\) \(lib[^ ]*\)$/  {"\2", (void *) \&\2},/p'\'' -e '\''s/^[ABCDGIRSTW]* \([^ ]*\) \([^ ]*\)$/  {"lib\2", (void *) \&\2},/p'\'''
lt_cv_sys_global_symbol_to_cdecl='sed -n -e '\''s/^T .* \(.*\)$/extern int \1();/p'\'' -e '\''s/^[ABCDGIRSTW]* .* \(.*\)$/extern char \1;/p'\'''
lt_cv_sys_max_cmd_len=1572864

## ----------------- ##
## Output variables. ##
## ----------------- ##

ACLOCAL='${SHELL} /home/charles/fpga/fpga-hadoop-lzo/fpgaCompile/src/main/native/config/missing --run aclocal-1.11'
AMDEPBACKSLASH='\'
AMDEP_FALSE='#'
AMDEP_TRUE=''
AMTAR='${SHELL} /home/charles/fpga/fpga-hadoop-lzo/fpgaCompile/src/main/native/config/missing --run tar'
AR='ar'
AUTOCONF='${SHELL} /home/charles/fpga/fpga-hadoop-lzo/fpgaCompile/src/main/native/config/missing --run autoconf'
AUTOHEADER='${SHELL} /home/charles/fpga/fpga-hadoop-lzo/fpgaCompile/src/main/native/config/missing --run autoheader'
AUTOMAKE='${SHELL} /home/charles/fpga/fpga-hadoop-lzo/fpgaCompile/src/main/native/config/missing --run automake-1.11'
AWK='gawk'
CC='gcc'
CCDEPMODE='depmode=gcc3'
CFLAGS='-g -O2'
CPP='gcc -E'
CPPFLAGS=''
CYGPATH_W='echo'
DEFS='-DHAVE_CONFIG_H'
DEPDIR='.deps'
DSYMUTIL=''
DUMPBIN=''
ECHO_C=''
ECHO_N='-n'
ECHO_T=''
EGREP='/bin/grep -E'
EXEEXT=''
FGREP='/bin/grep -F'
GREP='/bin/grep'
INSTALL_DATA='${INSTALL} -m 644 -C'
INSTALL_PROGRAM='${INSTALL}'
INSTALL_SCRIPT='${INSTALL}'
INSTALL_STRIP_PROGRAM='$(install_sh) -c -s'
JNI_CPPFLAGS=' -I/home/chenwenwen/jdk1.7.0_79/include -I/home/chenwenwen/jdk1.7.0_79/include/linux'
JNI_LDFLAGS='-L/home/chenwenwen/jdk1.7.0_79/jre/lib/amd64/server'
LD='/usr/bin/ld -m elf_x86_64'
LDFLAGS='-Wl,--no-as-needed'
LIBOBJS=''
LIBS='-ljvm -ldl '
LIBTOOL='$(SHELL) $(top_builddir)/libtool'
LIPO=''
LN_S='ln -s'
LTLIBOBJS=''
MAINT='#'
MAINTAINER_MODE_FALSE=''
MAINTAINER_MODE_TRUE='#'
MAKEINFO='${SHELL} /home/charles/fpga/fpga-hadoop-lzo/fpgaCompile/src/main/native/config/missing --run makeinfo'
MKDIR_P='/bin/mkdir -p'
NM='/usr/bin/nm -B'
NMEDIT=''
OBJDUMP='objdump'
OBJEXT='o'
OTOOL64=''
OTOOL=''
PACKAGE='gpl-compression'
PACKAGE_BUGREPORT='omalley@apache.org'
PACKAGE_NAME='gpl-compression'
PACKAGE_STRING='gpl-compression 0.1.0'
PACKAGE_TARNAME='gpl-compression'
PACKAGE_URL=''
PACKAGE_VERSION='0.1.0'
PATH_SEPARATOR=':'
RANLIB='ranlib'
SED='/bin/sed'
SET_MAKE=''
SHELL='/bin/bash'
STRIP='strip'
VERSION='0.1.0'
ac_ct_CC='gcc'
ac_ct_DUMPBIN=''
am__EXEEXT_FALSE=''
am__EXEEXT_TRUE='#'
am__fastdepCC_FALSE='#'
am__fastdepCC_TRUE=''
am__include='include'
am__isrc=' -I$(srcdir)'
am__leading_dot='.'
am__quote=''
am__tar='${AMTAR} chof - "$$tardir"'
am__untar='${AMTAR} xf -'
bindir='${exec_prefix}/bin'
build='x86_64-unknown-linux-gnu'
build_alias=''
build_cpu='x86_64'
build_os='linux-gnu'
build_vendor='unknown'
datadir='${datarootdir}'
datarootdir='${prefix}/share'
docdir='${datarootdir}/doc/${PACKAGE_TARNAME}'
dvidir='${docdir}'
exec_prefix='${prefix}'
host='x86_64-unknown-linux-gnu'
host_alias=''
host_cpu='x86_64'
host_os='linux-gnu'
host_vendor='unknown'
htmldir='${docdir}'
includedir='${prefix}/include'
infodir='${datarootdir}/info'
install_sh='${SHELL} /home/charles/fpga/fpga-hadoop-lzo/fpgaCompile/src/main/native/config/install-sh'
libdir='${exec_prefix}/lib'
libexecdir='${exec_prefix}/libexec'
localedir='${datarootdir}/locale'
localstatedir='${prefix}/var'
lt_ECHO='echo'
mandir='${datarootdir}/man'
mkdir_p='/bin/mkdir -p'
oldincludedir='/usr/include'
pdfdir='${docdir}'
prefix='/home/charles/fpga/fpga-hadoop-lzo/fpgaCompile/target/native/Linux-amd64-64/../install'
program_transform_name='s,x,x,'
psdir='${docdir}'
sbindir='${exec_prefix}/sbin'
sharedstatedir='${prefix}/com'
sysconfdir='${prefix}/etc'
target_alias=''

## ----------- ##
## confdefs.h. ##
## ----------- ##

/* confdefs.h */
#define PACKAGE_NAME "gpl-compression"
#define PACKAGE_TARNAME "gpl-compression"
#define PACKAGE_VERSION "0.1.0"
#define PACKAGE_STRING "gpl-compression 0.1.0"
#define PACKAGE_BUGREPORT "omalley@apache.org"
#define PACKAGE_URL ""
#define PACKAGE "gpl-compression"
#define VERSION "0.1.0"
#define STDC_HEADERS 1
#define HAVE_SYS_TYPES_H 1
#define HAVE_SYS_STAT_H 1
#define HAVE_STDLIB_H 1
#define HAVE_STRING_H 1
#define HAVE_MEMORY_H 1
#define HAVE_STRINGS_H 1
#define HAVE_INTTYPES_H 1
#define HAVE_STDINT_H 1
#define HAVE_UNISTD_H 1
#define __EXTENSIONS__ 1
#define _ALL_SOURCE 1
#define _GNU_SOURCE 1
#define _POSIX_PTHREAD_SEMANTICS 1
#define _TANDEM_SOURCE 1
#define HAVE_DLFCN_H 1
#define LT_OBJDIR ".libs/"
#define HAVE_LIBDL 1
#define HAVE_UNISTD_H 1
#define HAVE_STDIO_H 1
#define HAVE_STDDEF_H 1
#define HAVE_LZO_LZO2A_H 1
#define HADOOP_LZO_LIBRARY "liblzo2.so.2"
#define HAVE__BOOL 1
#define HAVE_STDBOOL_H 1
#define HAVE_DECL_STRERROR_R 1
#define HAVE_STRERROR_R 1
#define STRERROR_R_CHAR_P 1
#define HAVE_MKDIR 1
#define HAVE_UNAME 1
#define HAVE_MEMSET 1
#define HAVE_LIBJVM 1
#define HAVE_JNI_H 1

configure: exit 0
